f:\d3d12\d3d12-chapter20-shadowmap\d3d12-chapter20-shadowmap\x64\debug\vc142.pdb
f:\d3d12\d3d12-chapter20-shadowmap\d3d12-chapter20-shadowmap\x64\debug\vc142.idb
f:\d3d12\d3d12-chapter20-shadowmap\d3d12-chapter20-shadowmap\x64\debug\themain.obj
f:\d3d12\d3d12-chapter20-shadowmap\d3d12-chapter20-shadowmap\x64\debug\shadowmapapp.obj
f:\d3d12\d3d12-chapter20-shadowmap\d3d12-chapter20-shadowmap\x64\debug\shadowmap.obj
f:\d3d12\d3d12-chapter20-shadowmap\d3d12-chapter20-shadowmap\x64\debug\mathhelper.obj
f:\d3d12\d3d12-chapter20-shadowmap\d3d12-chapter20-shadowmap\x64\debug\geometrygenerator.obj
f:\d3d12\d3d12-chapter20-shadowmap\d3d12-chapter20-shadowmap\x64\debug\gametimer.obj
f:\d3d12\d3d12-chapter20-shadowmap\d3d12-chapter20-shadowmap\x64\debug\ddstextureloader.obj
f:\d3d12\d3d12-chapter20-shadowmap\d3d12-chapter20-shadowmap\x64\debug\d3dutil.obj
f:\d3d12\d3d12-chapter20-shadowmap\d3d12-chapter20-shadowmap\x64\debug\d3dapp.obj
f:\d3d12\d3d12-chapter20-shadowmap\d3d12-chapter20-shadowmap\x64\debug\camera.obj
f:\d3d12\d3d12-chapter20-shadowmap\x64\debug\d3d12-chapter20-shadowmap.exe
f:\d3d12\d3d12-chapter20-shadowmap\x64\debug\d3d12-chapter20-shadowmap.ilk
f:\d3d12\d3d12-chapter20-shadowmap\x64\debug\d3d12-chapter20-shadowmap.pdb
f:\d3d12\d3d12-chapter20-shadowmap\d3d12-chapter20-shadowmap\x64\debug\d3d12-ch.664473a1.tlog\cl.command.1.tlog
f:\d3d12\d3d12-chapter20-shadowmap\d3d12-chapter20-shadowmap\x64\debug\d3d12-ch.664473a1.tlog\cl.read.1.tlog
f:\d3d12\d3d12-chapter20-shadowmap\d3d12-chapter20-shadowmap\x64\debug\d3d12-ch.664473a1.tlog\cl.write.1.tlog
f:\d3d12\d3d12-chapter20-shadowmap\d3d12-chapter20-shadowmap\x64\debug\d3d12-ch.664473a1.tlog\fxc.command.1.tlog
f:\d3d12\d3d12-chapter20-shadowmap\d3d12-chapter20-shadowmap\x64\debug\d3d12-ch.664473a1.tlog\fxc.read.1.tlog
f:\d3d12\d3d12-chapter20-shadowmap\d3d12-chapter20-shadowmap\x64\debug\d3d12-ch.664473a1.tlog\link.command.1.tlog
f:\d3d12\d3d12-chapter20-shadowmap\d3d12-chapter20-shadowmap\x64\debug\d3d12-ch.664473a1.tlog\link.read.1.tlog
f:\d3d12\d3d12-chapter20-shadowmap\d3d12-chapter20-shadowmap\x64\debug\d3d12-ch.664473a1.tlog\link.write.1.tlog
