  compilation code save succeeded; see F:\d3d12\d3d12-chapter6-box\d3d12-chapter6-box\Shaders\color.asm
  compilation object save succeeded; see F:\d3d12\d3d12-chapter6-box\d3d12-chapter6-box\Shaders\color.cso
  BoxApp.cpp
F:\d3d12\d3d12-chapter6-box\d3d12-chapter6-box\BoxApp.h(38): error C2065: “UploadBuffer”: 未声明的标识符
F:\d3d12\d3d12-chapter6-box\d3d12-chapter6-box\BoxApp.h(38): error C2065: “ObjectConstants”: 未声明的标识符
F:\d3d12\d3d12-chapter6-box\d3d12-chapter6-box\BoxApp.h(38): error C2974: 'std::unique_ptr' : 模板 对于 '_Ty'是无效参数，应为类型
  C:\Program Files (x86)\Microsoft Visual Studio\2019\Community\VC\Tools\MSVC\14.20.27508\include\memory(1844): note: 参见“std::unique_ptr”的声明
F:\d3d12\d3d12-chapter6-box\d3d12-chapter6-box\BoxApp.h(38): error C2903: “default_delete”: 符号既不是类 模板 也不是函数 模板
F:\d3d12\d3d12-chapter6-box\d3d12-chapter6-box\BoxApp.h(38): error C3203: “default_delete”: 未专用化的 类 模板 不能用作 模板 变量，该变量属于 模板 参数“_Dx”，应为 real 类型
F:\d3d12\d3d12-chapter6-box\d3d12-chapter6-box\BoxApp.h(38): error C2059: 语法错误:“>”
F:\d3d12\d3d12-chapter6-box\d3d12-chapter6-box\BoxApp.h(38): error C2238: 意外的标记位于“;”之前
F:\d3d12\d3d12-chapter6-box\d3d12-chapter6-box\BoxApp.h(40): error C2065: “MeshGeometry”: 未声明的标识符
F:\d3d12\d3d12-chapter6-box\d3d12-chapter6-box\BoxApp.h(40): error C2923: “std::unique_ptr”: 对于参数“_Ty”，“MeshGeometry”不是有效的 模板 类型变量
F:\d3d12\d3d12-chapter6-box\d3d12-chapter6-box\BoxApp.h(40): error C2903: “default_delete”: 符号既不是类 模板 也不是函数 模板
F:\d3d12\d3d12-chapter6-box\d3d12-chapter6-box\BoxApp.h(40): error C3203: “default_delete”: 未专用化的 类 模板 不能用作 模板 变量，该变量属于 模板 参数“_Dx”，应为 real 类型
F:\d3d12\d3d12-chapter6-box\d3d12-chapter6-box\BoxApp.h(49): error C3646: “mWorld”: 未知重写说明符
F:\d3d12\d3d12-chapter6-box\d3d12-chapter6-box\BoxApp.h(49): error C2059: 语法错误:“=”
F:\d3d12\d3d12-chapter6-box\d3d12-chapter6-box\BoxApp.h(49): error C2653: “MathHelper”: 不是类或命名空间名称
F:\d3d12\d3d12-chapter6-box\d3d12-chapter6-box\BoxApp.h(49): error C2238: 意外的标记位于“;”之前
F:\d3d12\d3d12-chapter6-box\d3d12-chapter6-box\BoxApp.h(50): error C3646: “mView”: 未知重写说明符
F:\d3d12\d3d12-chapter6-box\d3d12-chapter6-box\BoxApp.h(50): error C2059: 语法错误:“=”
F:\d3d12\d3d12-chapter6-box\d3d12-chapter6-box\BoxApp.h(50): error C2653: “MathHelper”: 不是类或命名空间名称
F:\d3d12\d3d12-chapter6-box\d3d12-chapter6-box\BoxApp.h(50): error C2238: 意外的标记位于“;”之前
F:\d3d12\d3d12-chapter6-box\d3d12-chapter6-box\BoxApp.h(51): error C3646: “mProj”: 未知重写说明符
F:\d3d12\d3d12-chapter6-box\d3d12-chapter6-box\BoxApp.h(51): error C2059: 语法错误:“=”
F:\d3d12\d3d12-chapter6-box\d3d12-chapter6-box\BoxApp.h(51): error C2653: “MathHelper”: 不是类或命名空间名称
F:\d3d12\d3d12-chapter6-box\d3d12-chapter6-box\BoxApp.h(51): error C2238: 意外的标记位于“;”之前
F:\d3d12\d3d12-chapter6-box\d3d12-chapter6-box\BoxApp.h(40): fatal error C1903: 无法从以前的错误中恢复；正在停止编译
  TheMain.cpp
F:\d3d12\d3d12-chapter6-box\d3d12-chapter6-box\BoxApp.h(38): error C2065: “UploadBuffer”: 未声明的标识符
F:\d3d12\d3d12-chapter6-box\d3d12-chapter6-box\BoxApp.h(38): error C2065: “ObjectConstants”: 未声明的标识符
F:\d3d12\d3d12-chapter6-box\d3d12-chapter6-box\BoxApp.h(38): error C2974: 'std::unique_ptr' : 模板 对于 '_Ty'是无效参数，应为类型
  C:\Program Files (x86)\Microsoft Visual Studio\2019\Community\VC\Tools\MSVC\14.20.27508\include\memory(1844): note: 参见“std::unique_ptr”的声明
F:\d3d12\d3d12-chapter6-box\d3d12-chapter6-box\BoxApp.h(38): error C2903: “default_delete”: 符号既不是类 模板 也不是函数 模板
F:\d3d12\d3d12-chapter6-box\d3d12-chapter6-box\BoxApp.h(38): error C3203: “default_delete”: 未专用化的 类 模板 不能用作 模板 变量，该变量属于 模板 参数“_Dx”，应为 real 类型
F:\d3d12\d3d12-chapter6-box\d3d12-chapter6-box\BoxApp.h(38): error C2059: 语法错误:“>”
F:\d3d12\d3d12-chapter6-box\d3d12-chapter6-box\BoxApp.h(38): error C2238: 意外的标记位于“;”之前
F:\d3d12\d3d12-chapter6-box\d3d12-chapter6-box\BoxApp.h(40): error C2065: “MeshGeometry”: 未声明的标识符
F:\d3d12\d3d12-chapter6-box\d3d12-chapter6-box\BoxApp.h(40): error C2923: “std::unique_ptr”: 对于参数“_Ty”，“MeshGeometry”不是有效的 模板 类型变量
F:\d3d12\d3d12-chapter6-box\d3d12-chapter6-box\BoxApp.h(40): error C2903: “default_delete”: 符号既不是类 模板 也不是函数 模板
F:\d3d12\d3d12-chapter6-box\d3d12-chapter6-box\BoxApp.h(40): error C3203: “default_delete”: 未专用化的 类 模板 不能用作 模板 变量，该变量属于 模板 参数“_Dx”，应为 real 类型
F:\d3d12\d3d12-chapter6-box\d3d12-chapter6-box\BoxApp.h(49): error C3646: “mWorld”: 未知重写说明符
F:\d3d12\d3d12-chapter6-box\d3d12-chapter6-box\BoxApp.h(49): error C2059: 语法错误:“=”
F:\d3d12\d3d12-chapter6-box\d3d12-chapter6-box\BoxApp.h(49): error C2653: “MathHelper”: 不是类或命名空间名称
F:\d3d12\d3d12-chapter6-box\d3d12-chapter6-box\BoxApp.h(49): error C2238: 意外的标记位于“;”之前
F:\d3d12\d3d12-chapter6-box\d3d12-chapter6-box\BoxApp.h(50): error C3646: “mView”: 未知重写说明符
F:\d3d12\d3d12-chapter6-box\d3d12-chapter6-box\BoxApp.h(50): error C2059: 语法错误:“=”
F:\d3d12\d3d12-chapter6-box\d3d12-chapter6-box\BoxApp.h(50): error C2653: “MathHelper”: 不是类或命名空间名称
F:\d3d12\d3d12-chapter6-box\d3d12-chapter6-box\BoxApp.h(50): error C2238: 意外的标记位于“;”之前
F:\d3d12\d3d12-chapter6-box\d3d12-chapter6-box\BoxApp.h(51): error C3646: “mProj”: 未知重写说明符
F:\d3d12\d3d12-chapter6-box\d3d12-chapter6-box\BoxApp.h(51): error C2059: 语法错误:“=”
F:\d3d12\d3d12-chapter6-box\d3d12-chapter6-box\BoxApp.h(51): error C2653: “MathHelper”: 不是类或命名空间名称
F:\d3d12\d3d12-chapter6-box\d3d12-chapter6-box\BoxApp.h(51): error C2238: 意外的标记位于“;”之前
  正在生成代码...
